(venv) briancapozza@briancapozza:~/CS411-HW3/boxing$ docker run --rm boxing-tests
============================= test session starts ==============================                                                                 
platform linux -- Python 3.9.22, pytest-8.2.2, pluggy-1.5.0
rootdir: /app
plugins: mock-3.14.0
collected 43 items

tests/test_api_utils.py ....                                             [  9%]
tests/test_boxers_model.py ..............                                [ 41%]
tests/test_ring_model.py ..............                                  [ 74%]
tests/test_user_model.py ...........                                     [100%]

=============================== warnings summary ===============================
tests/test_boxers_model.py: 7 warnings
tests/test_ring_model.py: 7 warnings
  /app/boxing/models/boxers_model.py:172: LegacyAPIWarning: The Query.get() method is considered legacy as of the 1.x series of SQLAlchemy and becomes a legacy construct in 2.0. The method is now available as Session.get() (deprecated since: 2.0) (Background on SQLAlchemy 2.0 at: https://sqlalche.me/e/b8d9)
    boxer = cls.query.get(boxer_id)

-- Docs: https://docs.pytest.org/en/stable/how-to/capture-warnings.html
======================= 43 passed, 14 warnings in 0.83s ========================
